[92m[INFO] [0mtrainer: getAllTrainers
[92m[INFO] [0moperation and params: ['getAllTrainers']
[92m[INFO] [0m

Trainers
--------

Ash Ketchum: id 1, age 10 and hometown Pallet Town
Berto: id 5, age 14 and hometown Curitiba
Vudala: id 7, age 9 and hometown Santa Quitera
Raul: id 8, age 17 and hometown Alagoas
iago: id 9, age 14 and hometown Curitiba
gabs: id 11, age 21 and hometown matinhos
yukan: id 12, age 15 and hometown Santa Quitera
bolinha: id 13, age 32 and hometown santos
Jose: id 14, age 34 and hometown Rio De Janeiro
lindomar: id 15, age 21 and hometown Parana
Mylena: id 16, age 25 and hometown Cuiaba


[92m[INFO] [0mtrainer: getTrainer 1
[92m[INFO] [0moperation and params: ['getTrainer', '1']
[92m[INFO] [0mAsh Ketchum: id 1, age 10 and hometown Pallet Town

[92m[INFO] [0mtrainer: createTrainer Guedes 45 Rio_de_Janeiro
[92m[INFO] [0moperation and params: ['createTrainer', 'Guedes', '45', 'Rio_de_Janeiro']
[92m[INFO] [0mcreated = Guedes: id 17, age 45 and hometown Rio de Janeiro

[92m[INFO] [0mtrainer: updateTrainer 13 Lula null null
[92m[INFO] [0moperation and params: ['updateTrainer', '13', 'Lula', 'null', 'null']
[92m[INFO] [0mupdated = Lula: id 13, age 32 and hometown santos

[92m[INFO] [0mtrainer: deleteTrainer 14
[92m[INFO] [0moperation and params: ['deleteTrainer', '14']
[92m[INFO] [0mdeleted = Jose: id 14, age 34 and hometown Rio De Janeiro

