....z...v....j.....sj.r.F....=......3u."... )ch..FW\r....-.DOK...S.._.]...........+.....3.$... .....a...Zx
.V...<%^..347>C.y.................PK)H`K.$M....
..........>.x.....Wh.e.|.
...A...6x.=...P.q.V.C.56
y..B....*...q..
.S89b..........f....)\...._.E..4@..
...>.Z.H...bD...V.:..Q....j...R.....Q...*.}..Bc.I.?(..z%..vHs.p...>....R.....|.......AJ*8*`T4.g.T..L..d..aM.0.^.{.)Y.../e.G...#..>._/bm...w]+..I....-..n....z?..."l.....f..'e8/...>...8"y!..	...FNv......l.....v...XY.P..|+.8..a........e@..$.....	p&R...t......).+.Z.o.<.Xn....$.}....5H+..4...%H....S...pz.<..&].Y..........n...........lF...,....e..;it....q.vKu..g...;q..CjK''..y.T../.E..yr.wG.qhZ..K...#....t.t).3..*c..q|.Ok.;-4...3...r.ny....6..H{.N
..........J..z|M...W%9...6....W..e.[..T..J..._.I...S.?..4N..:%.h...-.bns\_........%...=tH.hF'....N.K<.....[..........3..a.|.../..=.(.......s..w........q6^.kl.9.U.z.$.A.:P.pRWX<E.8.`...1.u...w.y.........f....i.^.....T.Wn.3%`.....iZZl.>.s......o...+.......]..........BYp.z..u..{
ij2...Y)...`...3..%..KSP.Jr%v......._. ..CT..7t&..M..Qf
MI..{..!yg=.O....,.uY..(.......A._.........b.."c..2I....A..0T..r/.O....mUdU[W..2....=.-M..kw.y..s...nU...7.W....ikM.,K[c29...f..V..	.?.....a....+.y..\..`..ur..........Q.......r..O+..w...$..:.e.mf.W.. j.!N.Im...M..,>.DZ..2.2.T...].;..1..BU...8.w..7...+u..^..K..((..H1..n..~?..K.
W&.N.5.......p..D..6.)S..v.....H..B%~..Mz.v......9g..e..;.......X...."
V..?.....1.dw....X...k..d..q.......`.$.w\.	......%...l.0.....U*...U.>..v..~.q.J.^....q[c:.GI.....$.KBe..".....E......b..ix....H(..fUyZI.....Y_.....\ot3.
.1E).E...I' . 5@..}.[:..-........M......'@.E5diG.7...v......7s.....1..B;Q....F
i.R}...Tq.F
..H....	.\..{.6..)j.........Au.|-....y......)
.1v...p.5...............0...6...x&..u.S..PU..f..gB..*......m.@....j..P1g.....m[....w.}....h]\......x..2....K\..s@lW.b.../...f?...H......gY>..y..H.F%...@@..S._.
..H..g.J<...Y...:A.I...(.bq...|IXQ:....dQ...}.A.....*.F.\VEBx2AW..9.~.WFH'...O..Q.-6...g4....s.lY..d...r.%.bDm.....,....$..../;...i.f..d.g.q..E.;VJ.^.........z.....`r..b...@.t...u..	..##.Z.+........
..n.z_...4..am.E.t_.9>.K.S./.
....O._}>;'T.
..5.h8z6 ..F'F ..{./....F	....E>7..Q..6..o..E.^..2~...f...>.u...g........I]'...w...'Bd<0m........y..c...#.......o.......q....(i..57...Z..&W.3>......g.....H....ZBF.H.V....s...&%..o.}.y....".U.....M.0{v.r..5,...#5.!.HXt1.u1.\ .p
.UtLO.e...[.l ..f.[.v....G...$.....1x6....C....).a.H..hz.5.?...h.&..D.k....G.....g#.	..`.3>.w...B.R.^...:.9#...U..F.%..R...Q..EY.9..5.mY...mF....3..b.HLq"&...eXF.&,.l.........m.r..,..&..(..d...X...Xk.]u.n..N....W. 4..'.Z.....{	e..........,8/..].u..A........:./.B...:l..Y.]..OR9...U...z......^...pRAY*...b'XC..._.n..}	..!...#=".^5X5L.<z6..XE.....s.1...`<...@.4......,.....\....c....o=..... ..T...|..-..........tJ.=0...K7~.s.........A.=..F.n...g.....V...L.,p.5.......V...C@i...}.e..=......Kv'....c..,]	..v...K.O..}.....
	.'.....".......a...q..d.I...u%...~....F?sJ5..P...n.B.jmL<..Y.	....c.w...n......:;?.1..n;.D.w.q..D..!d.C1....>.E{}k...mN...E.~..v.
Z.R..=...t..`.mc...<.9...Vdw........:K....*A&..<A.E.Is.....Z......&Q.b....'.....M.Up.^C.'fe.....4.X.#....F.n...'.+LXic..t....(.0...7zw.7..mK....D..yt.L.l...D.&.b."..z.b".....Cl0x..p....'...(.'..N)./d#...E.{F.\..M
lJ....lS...!...b.k......
...........v...."B...O..H...!q..!Q.....l0g.....rbK.Z..s...?g?];........	F3...$9...
1..._..yii3q.DG[..Q.5UZy.......W.S....v..xY.....0..	.....ZJ+5..~..b.^k..C....Cx%..L$...B.....).h.l.5..Y.<.K.o.x	dA...P..{.%....Bc.'....(...}6......?e.c....k4.V...R.DZ...~..MGJ...4.b.wF.)._%f../.P...5!..2..x7s.i....x.....S.;..(....
..c6(=5@HS....:..m...1?].....:..,.....5!..E....-j.z;.O..|...@m.....g.\.v4..^..C..Y..~...e...>M...c..W....pRH(.KP..p.v..Y........0Bm.J.	....pdT..)....uQ.m..[....]N6T.A......n..!-.2..t.^]....T.p...'m.-....s=...Os...|....^.~..}p#\.Ut.W.=.7 ..{...2...h.
WAUp.U...a.!.."^$..s"...DT.23R.m..kK&6#....yo.@&.. ?.R./..&EU...^v..MvNpac.\5a...Ag....5.n.U)....&M....Ps"....1.C.m.G.....wuW.;5...{..{.....G..VBV8.."t.m.......@....`9.].%Zw....I..7...Aa...s..A."..2G	..@#.P....{E:...~U*%v.bO.V......D.-.u.W`.[P.........el....3.d.....v4.u0y...M.(...0........!...W......O.
..a.f/.....8"....8..Dg.........b......tE.u...%.W.D..d,..+...S....{.....I....h.E......D..Z.Gm...j......d.	
K.'W..tbPfr.e.4L..{.|Mo...OMk..<..GQ.yh7.c.t.c7...../i...Fg.....D..'.]'..@E.....X...x<alO.../....5.p..).&......J............g.{
.;c...&.......4...?...a.....a.!.U..T{...%...../...b>.zfn...a]...9....:e......:t....y...0.^|:.&R.!........+D..A.v...,..Uo......M@A.Z.ZM.mO...."|.g..E&..y.#IR{...<..3...B.Fhb.M...B.,J+..Sh..6.A..|...D..+6-..i....u~z.4=.i..7_..V.PO..z.$s.....X'....H.......!.!Q.j....\.....&..-...7/..,#...L...............f._..v..0........n..H.+E.v..{.k....Yh...7=....b..N
...............Dh...V...).U.&...."j.H
=cD./........S...7#C...2U.......[...$....l.........i9.s1..!..mR..i.OA.
....y.qz..Z.z.tF_....T.9....>&........N...B......m..9..n..Kt..6..uF..g.R...1.v....b0..zY9..V..q...B5CW
^......z.
N....].8+.....>.G.ctt#u....o.>...G.m.x.....D..3....M	6P..G0b...K:........6L.AC^GplY.-..*.s*}.#.6..c..ey.,.......v.(yup=..T..U$...j+......9VK".........4.`Y.k..p.x..:G.w.....h.9..a......6*.	..CR.%..;.g.m\...t.#...>*w.,.....*n...Z..!.}
7.[.+..!Oo..=z..I....1.x.....k...n:...D)......f.}.....	\.1z.9.....&.6f.j.n..w{....R..".u9	P...|
..f.8_+3C\.i$...+..}.2.}Fs....N.V...>.*..iChV$....<.P/..
......0lg.B......4....6.0.z..5.V...a......;..i._%#..f....j)..8.o..a.L3.Q......;..x.....zh7.a....*a.,Y..Z..1..L
......C
..,=:.....
..z..~.Ry....	.[c..y..-O/.S.........&../..l.=...G..m:U.9.$...@(..
.c......r.R.R.fKSQi.".FPvw.}q....~.Dm...TO....l.^;...T.:./..s.>U..'...._..vY.ueh..j.8C;..._y5..,.y}.Hp@Q....h..."....35o....R0Z.j.6.
..$...)...tNfF.N.x...B.......j..2..<K+.x]%......)..L....=.]fs.....y..s.P......f	.u.v..K.-..`r.?
..U..,.}.i..mmX...!0;`.q..G.8.s..T.....:2...?...E....&...y....L.9.G.....#.|EW..b..2.K..83	.S../......wG..@F........n.....O.x..sZpP.[dWh..1..O6.&J.......fIS.
....H.......~.Ow..Er)..8...u..wR......T.L...Ytg..mM..Y..|..jG
....p../.B^.r.}.o;.\w...S..#...ik...,..D;..D[<.6..@.......c........C.........$
:sq)D.e.......q
rGZz..._P
\..Y./.......W6.....!g...ti"...\.k..../.'......gv.p.g.
..?&`.r..<..G0...
z.l.....	..k.C.........B"/M...9.v!..o.qSBjF...T.
.......a.K=..gU....[&........".......S..y.sA...XK.*.2..R....&h....[C...w.zH(4	....7..X."....T.R1/.....S?.....\+*......d.Us.p+....m..D.{.0.b...4.....l...Y..U.p.....g...^.BW....gH.....q9X...@.a./a....1Mx..E...NgI>.m~Y...;.K......n...Df...?lx*5"...6r.<........m|.g.......jA}.:v..B......R.*.x..*...}.D0.k.Ce.....l...3.#q<.'XyN^..
.V<.*.C........}.5....aw...{..'.y.l.M....\07..V.+,...c.Y=..Z7.........`=.?..#.'j-..y
.......Xd..t.......e...7......8|....n..apgK<..i.=m.j. [O.|v..j......-A
ht0{.........<...m......l...A.=d.$3..C=.T/..S...'K......o..".&
....B...>.....4.2.|.f.rs.Lt..1v^S.GO3&=P......$.B._....O...'.X).QL.....jPN.R.Z\...Z(.J.d..F.q{.0.mC..R.....Z/.R..PD.F....x...vQ..1.p.yU.t..Lz.........w..3.E........N.. .\.r..U8.FN.u...0V..xhi!.Fi....7.........L.D......v..e3.?.&...).........^.0S>.5.w|...V.ZJ*]]...b.|6..]`.7..!{....G.....KAj...\pt.......x..
........T.P.^]...'.. ...>.}.h......3..@........b.D4..R.*B.R......../.u.fI.c...G.^1*.$.@...)...4.G..b..eR"...$...g..g....Y..y..g....e.>N..4..DM}z...B.........i5H...!...ut........HJ..dh$..H..7.../[~...2
.v.t0...p3A".....zj.......-.....(~4:3.q.`....;...0..K/.t....xmS......Xj....u	xS%..C.djp..$....
S:K3.".*..~$..2..i.........P.2*....B..,.J..j.../...y.E7......n.....
.8F..j...L.....5.HV.....Z...g.......;.V.....ZY..H..o){
.C....@g..O8..O.....].|..EJ5......
.]...R.&...?n.I{..W6@..q>..........6+..,..G.l.M........Y...13Q..P.g|.....